Using pre-set license
Built from '2020.3/staging' branch; Version is '2020.3.30f1 (1fb1bf06830e) revision 2077119'; Using compiler version '192528614'; Build Type 'Release'
OS: 'Windows 11  (10.0.22621) 64bit Core' Language: 'en' Physical Memory: 16126 MB
BatchMode: 1, IsHumanControllingUs: 0, StartBugReporterOnCrash: 0, Is64bit: 1, IsPro: 0

COMMAND LINE ARGUMENTS:
C:\Program Files\Unity\Hub\Editor\2020.3.30f1\Editor\Unity.exe
-adb2
-batchMode
-noUpm
-name
AssetImportWorker0
-projectPath
C:/Users/zacha/MyDrive/semester 2/digital art design project/DADP exam/github/DADP-Exam-2022/DADP_Exam
-logFile
Logs/AssetImportWorker0.log
-srvPort
52517
Successfully changed project path to: C:/Users/zacha/MyDrive/semester 2/digital art design project/DADP exam/github/DADP-Exam-2022/DADP_Exam
C:/Users/zacha/MyDrive/semester 2/digital art design project/DADP exam/github/DADP-Exam-2022/DADP_Exam
Using Asset Import Pipeline V2.
Refreshing native plugins compatible for Editor in 37.90 ms, found 3 plugins.
Preloading 0 native plugins for Editor in 0.00 ms.
Initialize engine version: 2020.3.30f1 (1fb1bf06830e)
[Subsystems] Discovering subsystems at path C:/Program Files/Unity/Hub/Editor/2020.3.30f1/Editor/Data/Resources/UnitySubsystems
[Subsystems] Discovering subsystems at path C:/Users/zacha/MyDrive/semester 2/digital art design project/DADP exam/github/DADP-Exam-2022/DADP_Exam/Assets
GfxDevice: creating device client; threaded=0
Direct3D:
    Version:  Direct3D 11.0 [level 11.1]
    Renderer: NVIDIA GeForce RTX 3050 Laptop GPU (ID=0x25a2)
    Vendor:   
    VRAM:     3991 MB
    Driver:   30.0.15.1272
Initialize mono
Mono path[0] = 'C:/Program Files/Unity/Hub/Editor/2020.3.30f1/Editor/Data/Managed'
Mono path[1] = 'C:/Program Files/Unity/Hub/Editor/2020.3.30f1/Editor/Data/MonoBleedingEdge/lib/mono/unityjit'
Mono config path = 'C:/Program Files/Unity/Hub/Editor/2020.3.30f1/Editor/Data/MonoBleedingEdge/etc'
Using monoOptions --debugger-agent=transport=dt_socket,embedding=1,server=y,suspend=n,address=127.0.0.1:56728
Begin MonoManager ReloadAssembly
Registering precompiled unity dll's ...
Register platform support module: C:/Program Files/Unity/Hub/Editor/2020.3.30f1/Editor/Data/PlaybackEngines/WebGLSupport/UnityEditor.WebGL.Extensions.dll
Register platform support module: C:/Program Files/Unity/Hub/Editor/2020.3.30f1/Editor/Data/PlaybackEngines/WindowsStandaloneSupport/UnityEditor.WindowsStandalone.Extensions.dll
Registered in 0.001157 seconds.
Native extension for WindowsStandalone target not found
Native extension for WebGL target not found
Refreshing native plugins compatible for Editor in 39.93 ms, found 3 plugins.
Preloading 0 native plugins for Editor in 0.00 ms.
Mono: successfully reloaded assembly
- Completed reload, in  0.415 seconds
Domain Reload Profiling:
	ReloadAssembly (415ms)
		BeginReloadAssembly (44ms)
			ExecutionOrderSort (0ms)
			DisableScriptedObjects (0ms)
			BackupInstance (0ms)
			ReleaseScriptingObjects (0ms)
			CreateAndSetChildDomain (1ms)
		EndReloadAssembly (323ms)
			LoadAssemblies (43ms)
			RebuildTransferFunctionScriptingTraits (0ms)
			SetupTypeCache (98ms)
			ReleaseScriptCaches (0ms)
			RebuildScriptCaches (20ms)
			SetupLoadedEditorAssemblies (129ms)
				LogAssemblyErrors (0ms)
				InitializePlatformSupportModulesInManaged (3ms)
				SetLoadedEditorAssemblies (0ms)
				RefreshPlugins (40ms)
				BeforeProcessingInitializeOnLoad (12ms)
				ProcessInitializeOnLoadAttributes (53ms)
				ProcessInitializeOnLoadMethodAttributes (21ms)
				AfterProcessingInitializeOnLoad (0ms)
				EditorAssembliesLoaded (0ms)
			ExecutionOrderSort2 (0ms)
			AwakeInstancesAfterBackupRestoration (0ms)
Platform modules already initialized, skipping
Registering precompiled user dll's ...
Registered in 0.002423 seconds.
Begin MonoManager ReloadAssembly
OnLevelWasLoaded was found on LeanTween
This message has been deprecated and will be removed in a later version of Unity.
Add a delegate to SceneManager.sceneLoaded instead to get notifications after scene loading has completed
Native extension for WindowsStandalone target not found
Native extension for WebGL target not found
Refreshing native plugins compatible for Editor in 39.72 ms, found 3 plugins.
Preloading 0 native plugins for Editor in 0.00 ms.
Mono: successfully reloaded assembly
- Completed reload, in  0.807 seconds
Domain Reload Profiling:
	ReloadAssembly (808ms)
		BeginReloadAssembly (104ms)
			ExecutionOrderSort (0ms)
			DisableScriptedObjects (4ms)
			BackupInstance (0ms)
			ReleaseScriptingObjects (0ms)
			CreateAndSetChildDomain (16ms)
		EndReloadAssembly (663ms)
			LoadAssemblies (69ms)
			RebuildTransferFunctionScriptingTraits (0ms)
			SetupTypeCache (224ms)
			ReleaseScriptCaches (0ms)
			RebuildScriptCaches (42ms)
			SetupLoadedEditorAssemblies (245ms)
				LogAssemblyErrors (0ms)
				InitializePlatformSupportModulesInManaged (3ms)
				SetLoadedEditorAssemblies (0ms)
				RefreshPlugins (40ms)
				BeforeProcessingInitializeOnLoad (59ms)
				ProcessInitializeOnLoadAttributes (128ms)
				ProcessInitializeOnLoadMethodAttributes (11ms)
				AfterProcessingInitializeOnLoad (3ms)
				EditorAssembliesLoaded (0ms)
			ExecutionOrderSort2 (0ms)
			AwakeInstancesAfterBackupRestoration (4ms)
Platform modules already initialized, skipping
========================================================================
Worker process is ready to serve import requests
Launched and connected shader compiler UnityShaderCompiler.exe after 0.03 seconds
Refreshing native plugins compatible for Editor in 0.54 ms, found 3 plugins.
Preloading 0 native plugins for Editor in 0.00 ms.
Unloading 2950 Unused Serialized files (Serialized files now loaded: 0)
System memory in use before: 119.6 MB.
System memory in use after: 119.8 MB.

Unloading 26 unused Assets to reduce memory usage. Loaded Objects now: 3387.
Total: 2.469300 ms (FindLiveObjects: 0.162700 ms CreateObjectMapping: 0.052600 ms MarkObjects: 2.191400 ms  DeleteObjects: 0.061400 ms)

AssetImportParameters requested are different than current active one (requested -> active):
  custom:framework-win-MediaFoundation: 216162199b28c13a410421893ffa2e32 -> 
  custom:video-decoder-ogg-theora: a1e56fd34408186e4bbccfd4996cb3dc -> 
  custom:container-muxer-webm: aa71ff27fc2769a1b78a27578f13a17b -> 
  custom:container-demuxer-webm: 4f35f7cbe854078d1ac9338744f61a02 -> 
  custom:container-demuxer-ogg: 62fdf1f143b41e24485cea50d1cbac27 -> 
  custom:video-encoder-webm-vp8: eb34c28f22e8b96e1ab97ce403110664 -> 
  custom:video-codec-MediaFoundation-h265: 746d11721c4dcdbdad8f713fa42b33f4 -> 
  custom:video-decoder-webm-vp8: 9c59270c3fd7afecdb556c50c9e8de78 -> 
  custom:audio-decoder-ogg-vorbis: bf7c407c2cedff20999df2af8eb42d56 -> 
  custom:audio-encoder-webm-vorbis: bf7c407c2cedff20999df2af8eb42d56 -> 
========================================================================
Received Import Request.
  path: Assets/backgrounds/living_room.png
  artifactKey: Guid(5a8a3a70f0a6c0e41a9e3af9e4d284ea) Importer(815301076,1909f56bfc062723c751e8b465ee728b)
Start importing Assets/backgrounds/living_room.png using Guid(5a8a3a70f0a6c0e41a9e3af9e4d284ea) Importer(815301076,1909f56bfc062723c751e8b465ee728b)  -> (artifact id: '036d2b9e76784558ad93bbba9d05a189') in 0.097168 seconds 
========================================================================
Received Import Request.
  Time since last request: 70.217380 seconds.
  path: Assets/cursor/cursor_help.png
  artifactKey: Guid(ebdd84b2b3aadb44e9c34f22c966841b) Importer(815301076,1909f56bfc062723c751e8b465ee728b)
Start importing Assets/cursor/cursor_help.png using Guid(ebdd84b2b3aadb44e9c34f22c966841b) Importer(815301076,1909f56bfc062723c751e8b465ee728b)  -> (artifact id: '077e3a3b48169994ec20d8196de7093f') in 0.014318 seconds 
========================================================================
Received Import Request.
  Time since last request: 0.000219 seconds.
  path: Assets/pictures/door-icon-download-icons-9.png
  artifactKey: Guid(273197a9526194c4caf0fe1fb82e0ba1) Importer(815301076,1909f56bfc062723c751e8b465ee728b)
Start importing Assets/pictures/door-icon-download-icons-9.png using Guid(273197a9526194c4caf0fe1fb82e0ba1) Importer(815301076,1909f56bfc062723c751e8b465ee728b)  -> (artifact id: 'c925a944a711e4c2875197fd5abcc9e3') in 0.022855 seconds 
========================================================================
Received Import Request.
  Time since last request: 0.000246 seconds.
  path: Assets/pictures/chracters/detective-characters-illustration_176411-1208-fococlipping-standard.png
  artifactKey: Guid(42ba9fbf6d333b943a8d8baaeaa53fc3) Importer(815301076,1909f56bfc062723c751e8b465ee728b)
Start importing Assets/pictures/chracters/detective-characters-illustration_176411-1208-fococlipping-standard.png using Guid(42ba9fbf6d333b943a8d8baaeaa53fc3) Importer(815301076,1909f56bfc062723c751e8b465ee728b)  -> (artifact id: 'cdc2c04c55a8e3360e351bf449034352') in 0.015709 seconds 
========================================================================
Received Import Request.
  Time since last request: 0.000245 seconds.
  path: Assets/pictures/Backgrounds/fe3d051280700fff71e05d8565e1438eb6d4ad10_2_690dx408.png
  artifactKey: Guid(e97a4d1367347264597f130d2ce3c0d3) Importer(815301076,1909f56bfc062723c751e8b465ee728b)
Start importing Assets/pictures/Backgrounds/fe3d051280700fff71e05d8565e1438eb6d4ad10_2_690dx408.png using Guid(e97a4d1367347264597f130d2ce3c0d3) Importer(815301076,1909f56bfc062723c751e8b465ee728b)  -> (artifact id: '09e4020450873828dbdb34009a889249') in 0.020820 seconds 
========================================================================
Received Import Request.
  Time since last request: 0.000193 seconds.
  path: Assets/pictures/Backgrounds/fe3d051280700fff71e05d8565e1438eb6d4ad10_2_690x408.jpeg
  artifactKey: Guid(166cb6fd97a7fff4ea120f34c4077fcf) Importer(815301076,1909f56bfc062723c751e8b465ee728b)
Start importing Assets/pictures/Backgrounds/fe3d051280700fff71e05d8565e1438eb6d4ad10_2_690x408.jpeg using Guid(166cb6fd97a7fff4ea120f34c4077fcf) Importer(815301076,1909f56bfc062723c751e8b465ee728b)  -> (artifact id: '00c61d63e7f231af1a2006592f12681f') in 0.023966 seconds 
========================================================================
Received Import Request.
  Time since last request: 0.564648 seconds.
  path: Assets/pictures/Backgrounds/cartoon-illustration-cozy-bedroom-night-modern-interior-living-room-with-double-bed_1441-2336.jpg
  artifactKey: Guid(151431f9eac60b34e9234aea6efc5c5f) Importer(815301076,1909f56bfc062723c751e8b465ee728b)
Start importing Assets/pictures/Backgrounds/cartoon-illustration-cozy-bedroom-night-modern-interior-living-room-with-double-bed_1441-2336.jpg using Guid(151431f9eac60b34e9234aea6efc5c5f) Importer(815301076,1909f56bfc062723c751e8b465ee728b)  -> (artifact id: 'c3d15bc5fb12e0c8592d64f9928bb170') in 0.021388 seconds 
========================================================================
Received Import Request.
  Time since last request: 0.000192 seconds.
  path: Assets/backgrounds/plans/carcrash1stSceneplan.png
  artifactKey: Guid(782d92ed061c5fd4c912cbc73e2d8e87) Importer(815301076,1909f56bfc062723c751e8b465ee728b)
Start importing Assets/backgrounds/plans/carcrash1stSceneplan.png using Guid(782d92ed061c5fd4c912cbc73e2d8e87) Importer(815301076,1909f56bfc062723c751e8b465ee728b)  -> (artifact id: '2953477f51254ef750b95b39a2ade29a') in 0.024250 seconds 
========================================================================
Received Import Request.
  Time since last request: 0.000197 seconds.
  path: Assets/pictures/Black_question_mark.png
  artifactKey: Guid(e0aad10cdc32d6944979c4c2f86013c3) Importer(815301076,1909f56bfc062723c751e8b465ee728b)
Start importing Assets/pictures/Black_question_mark.png using Guid(e0aad10cdc32d6944979c4c2f86013c3) Importer(815301076,1909f56bfc062723c751e8b465ee728b)  -> (artifact id: '78baf70aad3c08a2a8c264e41df320a0') in 0.023324 seconds 
========================================================================
Received Import Request.
  Time since last request: 0.000245 seconds.
  path: Assets/pictures/objects/cartoon-book-history-book-diary-wisdom-education-old-book-clipart-design-illustration-free-png.png
  artifactKey: Guid(e6931d2f0f4112e4d8537d99c6f5a066) Importer(815301076,1909f56bfc062723c751e8b465ee728b)
Start importing Assets/pictures/objects/cartoon-book-history-book-diary-wisdom-education-old-book-clipart-design-illustration-free-png.png using Guid(e6931d2f0f4112e4d8537d99c6f5a066) Importer(815301076,1909f56bfc062723c751e8b465ee728b)  -> (artifact id: 'f309309db99b57cee4b272c21bf0873f') in 0.038774 seconds 
========================================================================
Received Import Request.
  Time since last request: 0.000185 seconds.
  path: Assets/Fungus/Resources/Sprites/Arrow.png
  artifactKey: Guid(1d543cad86cd2914f8fc74096fa69b8f) Importer(815301076,1909f56bfc062723c751e8b465ee728b)
Start importing Assets/Fungus/Resources/Sprites/Arrow.png using Guid(1d543cad86cd2914f8fc74096fa69b8f) Importer(815301076,1909f56bfc062723c751e8b465ee728b)  -> (artifact id: '4374703e8fa3d04e8cf5a41562eb41e3') in 0.018645 seconds 
========================================================================
Received Import Request.
  Time since last request: 0.000186 seconds.
  path: Assets/backgrounds/bathroomBackground.png
  artifactKey: Guid(15d75c3a914ea5041a3df0da7f9bf3fe) Importer(815301076,1909f56bfc062723c751e8b465ee728b)
Start importing Assets/backgrounds/bathroomBackground.png using Guid(15d75c3a914ea5041a3df0da7f9bf3fe) Importer(815301076,1909f56bfc062723c751e8b465ee728b)  -> (artifact id: 'd6ad07ea52a236f959908200f1753d03') in 0.017847 seconds 
========================================================================
Received Import Request.
  Time since last request: 0.000144 seconds.
  path: Assets/pictures/Backgrounds/5c194c93743ba4ee87d36af715aa5d53b29724a1_2_563x500.png
  artifactKey: Guid(970589e8355c59442997d920e2b62a28) Importer(815301076,1909f56bfc062723c751e8b465ee728b)
Start importing Assets/pictures/Backgrounds/5c194c93743ba4ee87d36af715aa5d53b29724a1_2_563x500.png using Guid(970589e8355c59442997d920e2b62a28) Importer(815301076,1909f56bfc062723c751e8b465ee728b)  -> (artifact id: 'ec963d9f0e3e4dda3233448a4c3da188') in 0.023732 seconds 
========================================================================
Received Import Request.
  Time since last request: 0.000170 seconds.
  path: Assets/pictures/11-111314_question-mark-clip-art-at-clker-animated-question-removebg-preview.png
  artifactKey: Guid(95bde1cce99a44d46815bdd87004547a) Importer(815301076,1909f56bfc062723c751e8b465ee728b)
Start importing Assets/pictures/11-111314_question-mark-clip-art-at-clker-animated-question-removebg-preview.png using Guid(95bde1cce99a44d46815bdd87004547a) Importer(815301076,1909f56bfc062723c751e8b465ee728b)  -> (artifact id: '39800ce99352e5fd4b43d00b9f7731ff') in 0.012789 seconds 
========================================================================
Received Import Request.
  Time since last request: 0.000206 seconds.
  path: Assets/pictures/objects/airline-ticket-airplane-travel-fococlipping-standard.png
  artifactKey: Guid(9bacd8f28fdf55b4b857964724ffd471) Importer(815301076,1909f56bfc062723c751e8b465ee728b)
Start importing Assets/pictures/objects/airline-ticket-airplane-travel-fococlipping-standard.png using Guid(9bacd8f28fdf55b4b857964724ffd471) Importer(815301076,1909f56bfc062723c751e8b465ee728b)  -> (artifact id: '836c1b0e0f2601ecdf93365c9797a248') in 0.020673 seconds 
========================================================================
Received Import Request.
  Time since last request: 0.000188 seconds.
  path: Assets/pictures/objects/airline-ticket-travelcreativepassport-fococlipping-standard.png
  artifactKey: Guid(e701725529c7c2a4db6de6f543ef35c9) Importer(815301076,1909f56bfc062723c751e8b465ee728b)
Start importing Assets/pictures/objects/airline-ticket-travelcreativepassport-fococlipping-standard.png using Guid(e701725529c7c2a4db6de6f543ef35c9) Importer(815301076,1909f56bfc062723c751e8b465ee728b)  -> (artifact id: '91b759ace9377837bf83fe277f76bfa9') in 0.017443 seconds 
========================================================================
Received Import Request.
  Time since last request: 0.000157 seconds.
  path: Assets/backgrounds/bedroomBackground.png
  artifactKey: Guid(2f7fc4358916dae42b40b45f05f5b399) Importer(815301076,1909f56bfc062723c751e8b465ee728b)
Start importing Assets/backgrounds/bedroomBackground.png using Guid(2f7fc4358916dae42b40b45f05f5b399) Importer(815301076,1909f56bfc062723c751e8b465ee728b)  -> (artifact id: '0a6450d174273fd67dbacb6a8ef4116b') in 0.019172 seconds 
========================================================================
Received Import Request.
  Time since last request: 0.000211 seconds.
  path: Assets/backgrounds/plans/airport1stSceneplan.png
  artifactKey: Guid(b40313d425e1ba2439778395adc8b60f) Importer(815301076,1909f56bfc062723c751e8b465ee728b)
Start importing Assets/backgrounds/plans/airport1stSceneplan.png using Guid(b40313d425e1ba2439778395adc8b60f) Importer(815301076,1909f56bfc062723c751e8b465ee728b)  -> (artifact id: '46ef064d4000a01a380c784c7515392c') in 0.017455 seconds 
========================================================================
Received Import Request.
  Time since last request: 0.000200 seconds.
  path: Assets/cursor/1cursor_hover.png
  artifactKey: Guid(99163401cd69a2b429002f0c4d37acee) Importer(815301076,1909f56bfc062723c751e8b465ee728b)
Start importing Assets/cursor/1cursor_hover.png using Guid(99163401cd69a2b429002f0c4d37acee) Importer(815301076,1909f56bfc062723c751e8b465ee728b)  -> (artifact id: '5b937b1d01e42cf3a4dd112190556a33') in 0.012576 seconds 
========================================================================
Received Import Request.
  Time since last request: 0.000239 seconds.
  path: Assets/pictures/objects/418-4187352_love-letter-clip-art-love-letter-clipart-hd-removebg-preview.png
  artifactKey: Guid(70b421ba9f9665147829b332d3562ecb) Importer(815301076,1909f56bfc062723c751e8b465ee728b)
Start importing Assets/pictures/objects/418-4187352_love-letter-clip-art-love-letter-clipart-hd-removebg-preview.png using Guid(70b421ba9f9665147829b332d3562ecb) Importer(815301076,1909f56bfc062723c751e8b465ee728b)  -> (artifact id: '41c66d2a89e4e67f9e4a4b055d99225c') in 0.021670 seconds 
========================================================================
Received Prepare
Registering precompiled user dll's ...
Registered in 0.001941 seconds.
Begin MonoManager ReloadAssembly
Native extension for WindowsStandalone target not found
Native extension for WebGL target not found
Refreshing native plugins compatible for Editor in 0.52 ms, found 3 plugins.
Preloading 0 native plugins for Editor in 0.00 ms.
Mono: successfully reloaded assembly
- Completed reload, in  0.734 seconds
Domain Reload Profiling:
	ReloadAssembly (734ms)
		BeginReloadAssembly (92ms)
			ExecutionOrderSort (0ms)
			DisableScriptedObjects (4ms)
			BackupInstance (0ms)
			ReleaseScriptingObjects (0ms)
			CreateAndSetChildDomain (29ms)
		EndReloadAssembly (591ms)
			LoadAssemblies (78ms)
			RebuildTransferFunctionScriptingTraits (0ms)
			SetupTypeCache (218ms)
			ReleaseScriptCaches (1ms)
			RebuildScriptCaches (30ms)
			SetupLoadedEditorAssemblies (210ms)
				LogAssemblyErrors (0ms)
				InitializePlatformSupportModulesInManaged (4ms)
				SetLoadedEditorAssemblies (0ms)
				RefreshPlugins (1ms)
				BeforeProcessingInitializeOnLoad (58ms)
				ProcessInitializeOnLoadAttributes (138ms)
				ProcessInitializeOnLoadMethodAttributes (7ms)
				AfterProcessingInitializeOnLoad (3ms)
				EditorAssembliesLoaded (0ms)
			ExecutionOrderSort2 (0ms)
			AwakeInstancesAfterBackupRestoration (6ms)
Platform modules already initialized, skipping
OnLevelWasLoaded was found on LeanTween
This message has been deprecated and will be removed in a later version of Unity.
Add a delegate to SceneManager.sceneLoaded instead to get notifications after scene loading has completed
Refreshing native plugins compatible for Editor in 0.51 ms, found 3 plugins.
Preloading 0 native plugins for Editor in 0.00 ms.
Unloading 2927 Unused Serialized files (Serialized files now loaded: 0)
System memory in use before: 120.8 MB.
System memory in use after: 121.1 MB.

Unloading 15 unused Assets to reduce memory usage. Loaded Objects now: 3421.
Total: 2.682600 ms (FindLiveObjects: 0.197500 ms CreateObjectMapping: 0.068700 ms MarkObjects: 2.395600 ms  DeleteObjects: 0.019800 ms)

AssetImportParameters requested are different than current active one (requested -> active):
  custom:framework-win-MediaFoundation: 216162199b28c13a410421893ffa2e32 -> 
  custom:video-decoder-ogg-theora: a1e56fd34408186e4bbccfd4996cb3dc -> 
  custom:container-muxer-webm: aa71ff27fc2769a1b78a27578f13a17b -> 
  custom:container-demuxer-webm: 4f35f7cbe854078d1ac9338744f61a02 -> 
  custom:container-demuxer-ogg: 62fdf1f143b41e24485cea50d1cbac27 -> 
  custom:video-encoder-webm-vp8: eb34c28f22e8b96e1ab97ce403110664 -> 
  custom:video-codec-MediaFoundation-h265: 746d11721c4dcdbdad8f713fa42b33f4 -> 
  custom:video-decoder-webm-vp8: 9c59270c3fd7afecdb556c50c9e8de78 -> 
  custom:audio-decoder-ogg-vorbis: bf7c407c2cedff20999df2af8eb42d56 -> 
  custom:audio-encoder-webm-vorbis: bf7c407c2cedff20999df2af8eb42d56 -> 
AssetImportWorkerClient::OnTransportError - code=2 error=End of file
